[debug] [2018-07-08T07:45:28.999Z] ----------------------------------------------------------------------
[debug] [2018-07-08T07:45:29.001Z] Command:       /usr/local/bin/node /usr/local/bin/firebase deploy
[debug] [2018-07-08T07:45:29.001Z] CLI Version:   3.19.3
[debug] [2018-07-08T07:45:29.001Z] Platform:      darwin
[debug] [2018-07-08T07:45:29.001Z] Node Version:  v9.0.0
[debug] [2018-07-08T07:45:29.002Z] Time:          Sun Jul 08 2018 09:45:29 GMT+0200 (CEST)
[debug] [2018-07-08T07:45:29.002Z] ----------------------------------------------------------------------
[debug] 
[debug] [2018-07-08T07:45:29.014Z] > command requires scopes: ["email","openid","https://www.googleapis.com/auth/cloudplatformprojects.readonly","https://www.googleapis.com/auth/firebase","https://www.googleapis.com/auth/cloud-platform"]
[debug] [2018-07-08T07:45:29.015Z] > authorizing via signed-in user
[debug] [2018-07-08T07:45:29.016Z] >>> HTTP REQUEST GET https://admin.firebase.com/v1/projects/vue-firebase-demo-ea883  
  
 Sun Jul 08 2018 09:45:29 GMT+0200 (CEST)
[debug] [2018-07-08T07:45:29.690Z] <<< HTTP RESPONSE 200
[debug] [2018-07-08T07:45:29.691Z] >>> HTTP REQUEST GET https://admin.firebase.com/v1/database/vue-firebase-demo-ea883/tokens  
  
 Sun Jul 08 2018 09:45:29 GMT+0200 (CEST)
[debug] [2018-07-08T07:45:30.422Z] <<< HTTP RESPONSE 200
[info] 
[info] === Deploying to 'vue-firebase-demo-ea883'...
[info] 
[info] i  deploying database, storage, firestore, functions, hosting
[info] Running command: npm --prefix "$RESOURCE_DIR" run lint
[info] Running command: npm --prefix "$RESOURCE_DIR" run build
[info] ✔  functions: Finished running predeploy script.
[info] i  database: checking rules syntax...
[debug] [2018-07-08T07:45:40.136Z] >>> HTTP REQUEST PUT https://vue-firebase-demo-ea883.firebaseio.com/.settings/rules.json?dryRun=true  
 {
  "rules": {
    ".read": "auth != null",
    ".write": "auth != null"
  }
}
 
 Sun Jul 08 2018 09:45:40 GMT+0200 (CEST)
[debug] [2018-07-08T07:45:40.954Z] <<< HTTP RESPONSE 200
[info] ✔  database: rules syntax for database vue-firebase-demo-ea883 is valid
[debug] [2018-07-08T07:45:40.955Z] >>> HTTP REQUEST GET https://appengine.googleapis.com/v1/apps/vue-firebase-demo-ea883  
  
 Sun Jul 08 2018 09:45:40 GMT+0200 (CEST)
